2024-04-13 10:36:42,189 - PIL.PngImagePlugin - DEBUG - STREAM b'IHDR' 16 13
2024-04-13 10:36:42,190 - PIL.PngImagePlugin - DEBUG - STREAM b'tEXt' 41 57
2024-04-13 10:36:42,190 - PIL.PngImagePlugin - DEBUG - STREAM b'pHYs' 110 9
2024-04-13 10:36:42,190 - PIL.PngImagePlugin - DEBUG - STREAM b'IDAT' 131 65536
2024-04-13 10:36:42,907 - matplotlib.ticker - DEBUG - vmin 999990.5500021256 vmax 1000000.4500021269
2024-04-13 10:36:43,090 - matplotlib.ticker - DEBUG - ticklocs array([1.e+04, 1.e+05, 1.e+06, 1.e+07, 1.e+08])
2024-04-13 10:36:43,189 - matplotlib.ticker - DEBUG - vmin 999990.5500021256 vmax 1000000.4500021269
2024-04-13 10:36:43,192 - matplotlib.ticker - DEBUG - ticklocs array([2.e+04, 3.e+04, 4.e+04, 5.e+04, 6.e+04, 7.e+04, 8.e+04, 9.e+04,
       2.e+05, 3.e+05, 4.e+05, 5.e+05, 6.e+05, 7.e+05, 8.e+05, 9.e+05,
       2.e+06, 3.e+06, 4.e+06, 5.e+06, 6.e+06, 7.e+06, 8.e+06, 9.e+06,
       2.e+07, 3.e+07, 4.e+07, 5.e+07, 6.e+07, 7.e+07, 8.e+07, 9.e+07,
       2.e+08, 3.e+08, 4.e+08, 5.e+08, 6.e+08, 7.e+08, 8.e+08, 9.e+08])
2024-04-13 10:36:43,215 - matplotlib.ticker - DEBUG - vmin 999990.5500021256 vmax 1000000.4500021269
2024-04-13 10:36:43,215 - matplotlib.ticker - DEBUG - ticklocs array([1.e+04, 1.e+05, 1.e+06, 1.e+07, 1.e+08])
2024-04-13 10:36:43,638 - matplotlib.ticker - DEBUG - vmin 999990.5500021256 vmax 1000000.4500021269
2024-04-13 10:36:43,638 - matplotlib.ticker - DEBUG - ticklocs array([1.e+04, 1.e+05, 1.e+06, 1.e+07, 1.e+08])
2024-04-13 10:36:43,640 - matplotlib.ticker - DEBUG - vmin 999990.5500021256 vmax 1000000.4500021269
2024-04-13 10:36:43,641 - matplotlib.ticker - DEBUG - ticklocs array([2.e+04, 3.e+04, 4.e+04, 5.e+04, 6.e+04, 7.e+04, 8.e+04, 9.e+04,
       2.e+05, 3.e+05, 4.e+05, 5.e+05, 6.e+05, 7.e+05, 8.e+05, 9.e+05,
       2.e+06, 3.e+06, 4.e+06, 5.e+06, 6.e+06, 7.e+06, 8.e+06, 9.e+06,
       2.e+07, 3.e+07, 4.e+07, 5.e+07, 6.e+07, 7.e+07, 8.e+07, 9.e+07,
       2.e+08, 3.e+08, 4.e+08, 5.e+08, 6.e+08, 7.e+08, 8.e+08, 9.e+08])
2024-04-13 10:36:43,644 - matplotlib.ticker - DEBUG - vmin 999990.5500021256 vmax 1000000.4500021269
2024-04-13 10:36:43,645 - matplotlib.ticker - DEBUG - ticklocs array([1.e+04, 1.e+05, 1.e+06, 1.e+07, 1.e+08])
2024-04-13 10:36:43,653 - matplotlib.ticker - DEBUG - vmin 999990.5500021256 vmax 1000000.4500021269
2024-04-13 10:36:43,653 - matplotlib.ticker - DEBUG - ticklocs array([1.e+04, 1.e+05, 1.e+06, 1.e+07, 1.e+08])
2024-04-13 10:36:43,654 - matplotlib.ticker - DEBUG - vmin 999990.5500021256 vmax 1000000.4500021269
2024-04-13 10:36:43,654 - matplotlib.ticker - DEBUG - ticklocs array([2.e+04, 3.e+04, 4.e+04, 5.e+04, 6.e+04, 7.e+04, 8.e+04, 9.e+04,
       2.e+05, 3.e+05, 4.e+05, 5.e+05, 6.e+05, 7.e+05, 8.e+05, 9.e+05,
       2.e+06, 3.e+06, 4.e+06, 5.e+06, 6.e+06, 7.e+06, 8.e+06, 9.e+06,
       2.e+07, 3.e+07, 4.e+07, 5.e+07, 6.e+07, 7.e+07, 8.e+07, 9.e+07,
       2.e+08, 3.e+08, 4.e+08, 5.e+08, 6.e+08, 7.e+08, 8.e+08, 9.e+08])
2024-04-13 10:36:43,658 - matplotlib.ticker - DEBUG - vmin 999990.5500021256 vmax 1000000.4500021269
2024-04-13 10:36:43,658 - matplotlib.ticker - DEBUG - ticklocs array([1.e+04, 1.e+05, 1.e+06, 1.e+07, 1.e+08])
2024-04-13 10:36:43,689 - matplotlib.ticker - DEBUG - vmin 999990.5500021256 vmax 1000000.4500021269
2024-04-13 10:36:43,690 - matplotlib.ticker - DEBUG - ticklocs array([1.e+04, 1.e+05, 1.e+06, 1.e+07, 1.e+08])
2024-04-13 10:36:43,692 - matplotlib.ticker - DEBUG - vmin 999990.5500021256 vmax 1000000.4500021269
2024-04-13 10:36:43,692 - matplotlib.ticker - DEBUG - ticklocs array([2.e+04, 3.e+04, 4.e+04, 5.e+04, 6.e+04, 7.e+04, 8.e+04, 9.e+04,
       2.e+05, 3.e+05, 4.e+05, 5.e+05, 6.e+05, 7.e+05, 8.e+05, 9.e+05,
       2.e+06, 3.e+06, 4.e+06, 5.e+06, 6.e+06, 7.e+06, 8.e+06, 9.e+06,
       2.e+07, 3.e+07, 4.e+07, 5.e+07, 6.e+07, 7.e+07, 8.e+07, 9.e+07,
       2.e+08, 3.e+08, 4.e+08, 5.e+08, 6.e+08, 7.e+08, 8.e+08, 9.e+08])
2024-04-13 10:36:43,694 - matplotlib.ticker - DEBUG - vmin 999990.5500021256 vmax 1000000.4500021269
2024-04-13 10:36:43,694 - matplotlib.ticker - DEBUG - ticklocs array([1.e+04, 1.e+05, 1.e+06, 1.e+07, 1.e+08])
2024-04-13 10:36:43,696 - matplotlib.ticker - DEBUG - vmin 999990.5500021256 vmax 1000000.4500021269
2024-04-13 10:36:43,696 - matplotlib.ticker - DEBUG - ticklocs array([1.e+04, 1.e+05, 1.e+06, 1.e+07, 1.e+08])
2024-04-13 10:36:43,697 - matplotlib.ticker - DEBUG - vmin 999990.5500021256 vmax 1000000.4500021269
2024-04-13 10:36:43,697 - matplotlib.ticker - DEBUG - ticklocs array([2.e+04, 3.e+04, 4.e+04, 5.e+04, 6.e+04, 7.e+04, 8.e+04, 9.e+04,
       2.e+05, 3.e+05, 4.e+05, 5.e+05, 6.e+05, 7.e+05, 8.e+05, 9.e+05,
       2.e+06, 3.e+06, 4.e+06, 5.e+06, 6.e+06, 7.e+06, 8.e+06, 9.e+06,
       2.e+07, 3.e+07, 4.e+07, 5.e+07, 6.e+07, 7.e+07, 8.e+07, 9.e+07,
       2.e+08, 3.e+08, 4.e+08, 5.e+08, 6.e+08, 7.e+08, 8.e+08, 9.e+08])
2024-04-13 10:36:43,699 - matplotlib.ticker - DEBUG - vmin 999990.5500021256 vmax 1000000.4500021269
2024-04-13 10:36:43,699 - matplotlib.ticker - DEBUG - ticklocs array([1.e+04, 1.e+05, 1.e+06, 1.e+07, 1.e+08])
2024-04-13 10:36:43,702 - matplotlib.ticker - DEBUG - vmin 999990.5500021256 vmax 1000000.4500021269
2024-04-13 10:36:43,703 - matplotlib.ticker - DEBUG - ticklocs array([1.e+04, 1.e+05, 1.e+06, 1.e+07, 1.e+08])
2024-04-13 10:36:43,703 - matplotlib.ticker - DEBUG - vmin 999990.5500021256 vmax 1000000.4500021269
2024-04-13 10:36:43,704 - matplotlib.ticker - DEBUG - ticklocs array([2.e+04, 3.e+04, 4.e+04, 5.e+04, 6.e+04, 7.e+04, 8.e+04, 9.e+04,
       2.e+05, 3.e+05, 4.e+05, 5.e+05, 6.e+05, 7.e+05, 8.e+05, 9.e+05,
       2.e+06, 3.e+06, 4.e+06, 5.e+06, 6.e+06, 7.e+06, 8.e+06, 9.e+06,
       2.e+07, 3.e+07, 4.e+07, 5.e+07, 6.e+07, 7.e+07, 8.e+07, 9.e+07,
       2.e+08, 3.e+08, 4.e+08, 5.e+08, 6.e+08, 7.e+08, 8.e+08, 9.e+08])
2024-04-13 10:36:43,705 - matplotlib.ticker - DEBUG - vmin 999990.5500021256 vmax 1000000.4500021269
2024-04-13 10:36:43,706 - matplotlib.ticker - DEBUG - ticklocs array([1.e+04, 1.e+05, 1.e+06, 1.e+07, 1.e+08])
2024-04-13 10:36:43,745 - matplotlib.ticker - DEBUG - vmin 999990.5500021256 vmax 1000000.4500021269
2024-04-13 10:36:43,745 - matplotlib.ticker - DEBUG - ticklocs array([1.e+04, 1.e+05, 1.e+06, 1.e+07, 1.e+08])
2024-04-13 10:36:43,746 - matplotlib.ticker - DEBUG - vmin 999990.5500021256 vmax 1000000.4500021269
2024-04-13 10:36:43,746 - matplotlib.ticker - DEBUG - ticklocs array([2.e+04, 3.e+04, 4.e+04, 5.e+04, 6.e+04, 7.e+04, 8.e+04, 9.e+04,
       2.e+05, 3.e+05, 4.e+05, 5.e+05, 6.e+05, 7.e+05, 8.e+05, 9.e+05,
       2.e+06, 3.e+06, 4.e+06, 5.e+06, 6.e+06, 7.e+06, 8.e+06, 9.e+06,
       2.e+07, 3.e+07, 4.e+07, 5.e+07, 6.e+07, 7.e+07, 8.e+07, 9.e+07,
       2.e+08, 3.e+08, 4.e+08, 5.e+08, 6.e+08, 7.e+08, 8.e+08, 9.e+08])
2024-04-13 10:36:43,748 - matplotlib.ticker - DEBUG - vmin 999990.5500021256 vmax 1000000.4500021269
2024-04-13 10:36:43,748 - matplotlib.ticker - DEBUG - ticklocs array([1.e+04, 1.e+05, 1.e+06, 1.e+07, 1.e+08])
2024-04-13 10:36:43,750 - matplotlib.ticker - DEBUG - vmin 999990.5500021256 vmax 1000000.4500021269
2024-04-13 10:36:43,750 - matplotlib.ticker - DEBUG - ticklocs array([1.e+04, 1.e+05, 1.e+06, 1.e+07, 1.e+08])
2024-04-13 10:36:43,751 - matplotlib.ticker - DEBUG - vmin 999990.5500021256 vmax 1000000.4500021269
2024-04-13 10:36:43,751 - matplotlib.ticker - DEBUG - ticklocs array([2.e+04, 3.e+04, 4.e+04, 5.e+04, 6.e+04, 7.e+04, 8.e+04, 9.e+04,
       2.e+05, 3.e+05, 4.e+05, 5.e+05, 6.e+05, 7.e+05, 8.e+05, 9.e+05,
       2.e+06, 3.e+06, 4.e+06, 5.e+06, 6.e+06, 7.e+06, 8.e+06, 9.e+06,
       2.e+07, 3.e+07, 4.e+07, 5.e+07, 6.e+07, 7.e+07, 8.e+07, 9.e+07,
       2.e+08, 3.e+08, 4.e+08, 5.e+08, 6.e+08, 7.e+08, 8.e+08, 9.e+08])
2024-04-13 10:36:43,752 - matplotlib.ticker - DEBUG - vmin 999990.5500021256 vmax 1000000.4500021269
2024-04-13 10:36:43,752 - matplotlib.ticker - DEBUG - ticklocs array([1.e+04, 1.e+05, 1.e+06, 1.e+07, 1.e+08])
2024-04-13 10:36:43,759 - matplotlib.ticker - DEBUG - vmin 999990.5500021256 vmax 1000000.4500021269
2024-04-13 10:36:43,759 - matplotlib.ticker - DEBUG - ticklocs array([1.e+04, 1.e+05, 1.e+06, 1.e+07, 1.e+08])
2024-04-13 10:36:43,760 - matplotlib.ticker - DEBUG - vmin 999990.5500021256 vmax 1000000.4500021269
2024-04-13 10:36:43,761 - matplotlib.ticker - DEBUG - ticklocs array([2.e+04, 3.e+04, 4.e+04, 5.e+04, 6.e+04, 7.e+04, 8.e+04, 9.e+04,
       2.e+05, 3.e+05, 4.e+05, 5.e+05, 6.e+05, 7.e+05, 8.e+05, 9.e+05,
       2.e+06, 3.e+06, 4.e+06, 5.e+06, 6.e+06, 7.e+06, 8.e+06, 9.e+06,
       2.e+07, 3.e+07, 4.e+07, 5.e+07, 6.e+07, 7.e+07, 8.e+07, 9.e+07,
       2.e+08, 3.e+08, 4.e+08, 5.e+08, 6.e+08, 7.e+08, 8.e+08, 9.e+08])
2024-04-13 10:36:43,762 - matplotlib.ticker - DEBUG - vmin 999990.5500021256 vmax 1000000.4500021269
2024-04-13 10:36:43,762 - matplotlib.ticker - DEBUG - ticklocs array([1.e+04, 1.e+05, 1.e+06, 1.e+07, 1.e+08])
2024-04-13 10:36:43,764 - matplotlib.ticker - DEBUG - vmin 999990.5500021256 vmax 1000000.4500021269
2024-04-13 10:36:43,765 - matplotlib.ticker - DEBUG - ticklocs array([1.e+04, 1.e+05, 1.e+06, 1.e+07, 1.e+08])
2024-04-13 10:36:43,765 - matplotlib.ticker - DEBUG - vmin 999990.5500021256 vmax 1000000.4500021269
2024-04-13 10:36:43,766 - matplotlib.ticker - DEBUG - ticklocs array([2.e+04, 3.e+04, 4.e+04, 5.e+04, 6.e+04, 7.e+04, 8.e+04, 9.e+04,
       2.e+05, 3.e+05, 4.e+05, 5.e+05, 6.e+05, 7.e+05, 8.e+05, 9.e+05,
       2.e+06, 3.e+06, 4.e+06, 5.e+06, 6.e+06, 7.e+06, 8.e+06, 9.e+06,
       2.e+07, 3.e+07, 4.e+07, 5.e+07, 6.e+07, 7.e+07, 8.e+07, 9.e+07,
       2.e+08, 3.e+08, 4.e+08, 5.e+08, 6.e+08, 7.e+08, 8.e+08, 9.e+08])
2024-04-13 10:36:43,767 - matplotlib.ticker - DEBUG - vmin 999990.5500021256 vmax 1000000.4500021269
2024-04-13 10:36:43,767 - matplotlib.ticker - DEBUG - ticklocs array([1.e+04, 1.e+05, 1.e+06, 1.e+07, 1.e+08])
2024-04-13 10:36:43,770 - matplotlib.ticker - DEBUG - vmin 999990.5500021256 vmax 1000000.4500021269
2024-04-13 10:36:43,770 - matplotlib.ticker - DEBUG - ticklocs array([1.e+04, 1.e+05, 1.e+06, 1.e+07, 1.e+08])
2024-04-13 10:36:43,771 - matplotlib.ticker - DEBUG - vmin 999990.5500021256 vmax 1000000.4500021269
2024-04-13 10:36:43,771 - matplotlib.ticker - DEBUG - ticklocs array([2.e+04, 3.e+04, 4.e+04, 5.e+04, 6.e+04, 7.e+04, 8.e+04, 9.e+04,
       2.e+05, 3.e+05, 4.e+05, 5.e+05, 6.e+05, 7.e+05, 8.e+05, 9.e+05,
       2.e+06, 3.e+06, 4.e+06, 5.e+06, 6.e+06, 7.e+06, 8.e+06, 9.e+06,
       2.e+07, 3.e+07, 4.e+07, 5.e+07, 6.e+07, 7.e+07, 8.e+07, 9.e+07,
       2.e+08, 3.e+08, 4.e+08, 5.e+08, 6.e+08, 7.e+08, 8.e+08, 9.e+08])
2024-04-13 10:36:43,772 - matplotlib.ticker - DEBUG - vmin 999990.5500021256 vmax 1000000.4500021269
2024-04-13 10:36:43,772 - matplotlib.ticker - DEBUG - ticklocs array([1.e+04, 1.e+05, 1.e+06, 1.e+07, 1.e+08])
2024-04-13 10:36:43,775 - matplotlib.ticker - DEBUG - vmin 999990.5500021256 vmax 1000000.4500021269
2024-04-13 10:36:43,775 - matplotlib.ticker - DEBUG - ticklocs array([1.e+04, 1.e+05, 1.e+06, 1.e+07, 1.e+08])
2024-04-13 10:36:43,776 - matplotlib.ticker - DEBUG - vmin 999990.5500021256 vmax 1000000.4500021269
2024-04-13 10:36:43,776 - matplotlib.ticker - DEBUG - ticklocs array([2.e+04, 3.e+04, 4.e+04, 5.e+04, 6.e+04, 7.e+04, 8.e+04, 9.e+04,
       2.e+05, 3.e+05, 4.e+05, 5.e+05, 6.e+05, 7.e+05, 8.e+05, 9.e+05,
       2.e+06, 3.e+06, 4.e+06, 5.e+06, 6.e+06, 7.e+06, 8.e+06, 9.e+06,
       2.e+07, 3.e+07, 4.e+07, 5.e+07, 6.e+07, 7.e+07, 8.e+07, 9.e+07,
       2.e+08, 3.e+08, 4.e+08, 5.e+08, 6.e+08, 7.e+08, 8.e+08, 9.e+08])
2024-04-13 10:36:43,777 - matplotlib.ticker - DEBUG - vmin 999990.5500021256 vmax 1000000.4500021269
2024-04-13 10:36:43,778 - matplotlib.ticker - DEBUG - ticklocs array([1.e+04, 1.e+05, 1.e+06, 1.e+07, 1.e+08])
2024-04-13 10:36:43,781 - matplotlib.ticker - DEBUG - vmin 999990.5500021256 vmax 1000000.4500021269
2024-04-13 10:36:43,781 - matplotlib.ticker - DEBUG - ticklocs array([1.e+04, 1.e+05, 1.e+06, 1.e+07, 1.e+08])
2024-04-13 10:36:43,782 - matplotlib.ticker - DEBUG - vmin 999990.5500021256 vmax 1000000.4500021269
2024-04-13 10:36:43,782 - matplotlib.ticker - DEBUG - ticklocs array([2.e+04, 3.e+04, 4.e+04, 5.e+04, 6.e+04, 7.e+04, 8.e+04, 9.e+04,
       2.e+05, 3.e+05, 4.e+05, 5.e+05, 6.e+05, 7.e+05, 8.e+05, 9.e+05,
       2.e+06, 3.e+06, 4.e+06, 5.e+06, 6.e+06, 7.e+06, 8.e+06, 9.e+06,
       2.e+07, 3.e+07, 4.e+07, 5.e+07, 6.e+07, 7.e+07, 8.e+07, 9.e+07,
       2.e+08, 3.e+08, 4.e+08, 5.e+08, 6.e+08, 7.e+08, 8.e+08, 9.e+08])
2024-04-13 10:36:43,784 - matplotlib.ticker - DEBUG - vmin 999990.5500021256 vmax 1000000.4500021269
2024-04-13 10:36:43,784 - matplotlib.ticker - DEBUG - ticklocs array([1.e+04, 1.e+05, 1.e+06, 1.e+07, 1.e+08])
2024-04-13 10:36:43,817 - matplotlib.ticker - DEBUG - vmin 999990.5500021256 vmax 1000000.4500021269
2024-04-13 10:36:43,818 - matplotlib.ticker - DEBUG - ticklocs array([1.e+04, 1.e+05, 1.e+06, 1.e+07, 1.e+08])
2024-04-13 10:36:43,819 - matplotlib.ticker - DEBUG - vmin 999990.5500021256 vmax 1000000.4500021269
2024-04-13 10:36:43,819 - matplotlib.ticker - DEBUG - ticklocs array([2.e+04, 3.e+04, 4.e+04, 5.e+04, 6.e+04, 7.e+04, 8.e+04, 9.e+04,
       2.e+05, 3.e+05, 4.e+05, 5.e+05, 6.e+05, 7.e+05, 8.e+05, 9.e+05,
       2.e+06, 3.e+06, 4.e+06, 5.e+06, 6.e+06, 7.e+06, 8.e+06, 9.e+06,
       2.e+07, 3.e+07, 4.e+07, 5.e+07, 6.e+07, 7.e+07, 8.e+07, 9.e+07,
       2.e+08, 3.e+08, 4.e+08, 5.e+08, 6.e+08, 7.e+08, 8.e+08, 9.e+08])
2024-04-13 10:36:43,820 - matplotlib.ticker - DEBUG - vmin 999990.5500021256 vmax 1000000.4500021269
2024-04-13 10:36:43,820 - matplotlib.ticker - DEBUG - ticklocs array([1.e+04, 1.e+05, 1.e+06, 1.e+07, 1.e+08])
2024-04-13 10:36:43,823 - matplotlib.ticker - DEBUG - vmin 999990.5500021256 vmax 1000000.4500021269
2024-04-13 10:36:43,823 - matplotlib.ticker - DEBUG - ticklocs array([1.e+04, 1.e+05, 1.e+06, 1.e+07, 1.e+08])
2024-04-13 10:36:43,824 - matplotlib.ticker - DEBUG - vmin 999990.5500021256 vmax 1000000.4500021269
2024-04-13 10:36:43,824 - matplotlib.ticker - DEBUG - ticklocs array([2.e+04, 3.e+04, 4.e+04, 5.e+04, 6.e+04, 7.e+04, 8.e+04, 9.e+04,
       2.e+05, 3.e+05, 4.e+05, 5.e+05, 6.e+05, 7.e+05, 8.e+05, 9.e+05,
       2.e+06, 3.e+06, 4.e+06, 5.e+06, 6.e+06, 7.e+06, 8.e+06, 9.e+06,
       2.e+07, 3.e+07, 4.e+07, 5.e+07, 6.e+07, 7.e+07, 8.e+07, 9.e+07,
       2.e+08, 3.e+08, 4.e+08, 5.e+08, 6.e+08, 7.e+08, 8.e+08, 9.e+08])
2024-04-13 10:36:43,826 - matplotlib.ticker - DEBUG - vmin 999990.5500021256 vmax 1000000.4500021269
2024-04-13 10:36:43,826 - matplotlib.ticker - DEBUG - ticklocs array([1.e+04, 1.e+05, 1.e+06, 1.e+07, 1.e+08])
2024-04-13 10:36:43,870 - matplotlib.ticker - DEBUG - vmin 999990.5500021256 vmax 1000000.4500021269
2024-04-13 10:36:43,870 - matplotlib.ticker - DEBUG - ticklocs array([1.e+04, 1.e+05, 1.e+06, 1.e+07, 1.e+08])
2024-04-13 10:36:43,871 - matplotlib.ticker - DEBUG - vmin 999990.5500021256 vmax 1000000.4500021269
2024-04-13 10:36:43,871 - matplotlib.ticker - DEBUG - ticklocs array([2.e+04, 3.e+04, 4.e+04, 5.e+04, 6.e+04, 7.e+04, 8.e+04, 9.e+04,
       2.e+05, 3.e+05, 4.e+05, 5.e+05, 6.e+05, 7.e+05, 8.e+05, 9.e+05,
       2.e+06, 3.e+06, 4.e+06, 5.e+06, 6.e+06, 7.e+06, 8.e+06, 9.e+06,
       2.e+07, 3.e+07, 4.e+07, 5.e+07, 6.e+07, 7.e+07, 8.e+07, 9.e+07,
       2.e+08, 3.e+08, 4.e+08, 5.e+08, 6.e+08, 7.e+08, 8.e+08, 9.e+08])
2024-04-13 10:36:43,873 - matplotlib.ticker - DEBUG - vmin 999990.5500021256 vmax 1000000.4500021269
2024-04-13 10:36:43,873 - matplotlib.ticker - DEBUG - ticklocs array([1.e+04, 1.e+05, 1.e+06, 1.e+07, 1.e+08])
2024-04-13 10:36:43,938 - matplotlib.ticker - DEBUG - vmin 999990.5500021256 vmax 1000000.4500021269
2024-04-13 10:36:43,938 - matplotlib.ticker - DEBUG - ticklocs array([1.e+04, 1.e+05, 1.e+06, 1.e+07, 1.e+08])
2024-04-13 10:36:43,940 - matplotlib.ticker - DEBUG - vmin 999990.5500021256 vmax 1000000.4500021269
2024-04-13 10:36:43,940 - matplotlib.ticker - DEBUG - ticklocs array([2.e+04, 3.e+04, 4.e+04, 5.e+04, 6.e+04, 7.e+04, 8.e+04, 9.e+04,
       2.e+05, 3.e+05, 4.e+05, 5.e+05, 6.e+05, 7.e+05, 8.e+05, 9.e+05,
       2.e+06, 3.e+06, 4.e+06, 5.e+06, 6.e+06, 7.e+06, 8.e+06, 9.e+06,
       2.e+07, 3.e+07, 4.e+07, 5.e+07, 6.e+07, 7.e+07, 8.e+07, 9.e+07,
       2.e+08, 3.e+08, 4.e+08, 5.e+08, 6.e+08, 7.e+08, 8.e+08, 9.e+08])
2024-04-13 10:36:43,942 - matplotlib.ticker - DEBUG - vmin 999990.5500021256 vmax 1000000.4500021269
2024-04-13 10:36:43,942 - matplotlib.ticker - DEBUG - ticklocs array([1.e+04, 1.e+05, 1.e+06, 1.e+07, 1.e+08])
2024-04-13 10:36:43,946 - matplotlib.ticker - DEBUG - vmin 999990.5500021256 vmax 1000000.4500021269
2024-04-13 10:36:43,947 - matplotlib.ticker - DEBUG - ticklocs array([1.e+04, 1.e+05, 1.e+06, 1.e+07, 1.e+08])
2024-04-13 10:36:43,947 - matplotlib.ticker - DEBUG - vmin 999990.5500021256 vmax 1000000.4500021269
2024-04-13 10:36:43,948 - matplotlib.ticker - DEBUG - ticklocs array([2.e+04, 3.e+04, 4.e+04, 5.e+04, 6.e+04, 7.e+04, 8.e+04, 9.e+04,
       2.e+05, 3.e+05, 4.e+05, 5.e+05, 6.e+05, 7.e+05, 8.e+05, 9.e+05,
       2.e+06, 3.e+06, 4.e+06, 5.e+06, 6.e+06, 7.e+06, 8.e+06, 9.e+06,
       2.e+07, 3.e+07, 4.e+07, 5.e+07, 6.e+07, 7.e+07, 8.e+07, 9.e+07,
       2.e+08, 3.e+08, 4.e+08, 5.e+08, 6.e+08, 7.e+08, 8.e+08, 9.e+08])
2024-04-13 10:36:43,949 - matplotlib.ticker - DEBUG - vmin 999990.5500021256 vmax 1000000.4500021269
2024-04-13 10:36:43,949 - matplotlib.ticker - DEBUG - ticklocs array([1.e+04, 1.e+05, 1.e+06, 1.e+07, 1.e+08])
2024-04-13 10:36:44,834 - PIL.PngImagePlugin - DEBUG - STREAM b'IHDR' 16 13
2024-04-13 10:36:44,834 - PIL.PngImagePlugin - DEBUG - STREAM b'tEXt' 41 57
2024-04-13 10:36:44,834 - PIL.PngImagePlugin - DEBUG - STREAM b'pHYs' 110 9
2024-04-13 10:36:44,834 - PIL.PngImagePlugin - DEBUG - STREAM b'IDAT' 131 65536
2024-04-13 10:40:02,758 - PIL.PngImagePlugin - DEBUG - STREAM b'IHDR' 16 13
2024-04-13 10:40:02,769 - PIL.PngImagePlugin - DEBUG - STREAM b'tEXt' 41 57
2024-04-13 10:40:02,784 - PIL.PngImagePlugin - DEBUG - STREAM b'pHYs' 110 9
2024-04-13 10:40:02,784 - PIL.PngImagePlugin - DEBUG - STREAM b'IDAT' 131 65536
2024-04-13 10:40:03,467 - matplotlib.ticker - DEBUG - vmin 999990.5500021256 vmax 1000000.4500021269
2024-04-13 10:40:03,468 - matplotlib.ticker - DEBUG - ticklocs array([1.e+04, 1.e+05, 1.e+06, 1.e+07, 1.e+08])
2024-04-13 10:40:03,480 - matplotlib.ticker - DEBUG - vmin 999990.5500021256 vmax 1000000.4500021269
2024-04-13 10:40:03,481 - matplotlib.ticker - DEBUG - ticklocs array([2.e+04, 3.e+04, 4.e+04, 5.e+04, 6.e+04, 7.e+04, 8.e+04, 9.e+04,
       2.e+05, 3.e+05, 4.e+05, 5.e+05, 6.e+05, 7.e+05, 8.e+05, 9.e+05,
       2.e+06, 3.e+06, 4.e+06, 5.e+06, 6.e+06, 7.e+06, 8.e+06, 9.e+06,
       2.e+07, 3.e+07, 4.e+07, 5.e+07, 6.e+07, 7.e+07, 8.e+07, 9.e+07,
       2.e+08, 3.e+08, 4.e+08, 5.e+08, 6.e+08, 7.e+08, 8.e+08, 9.e+08])
2024-04-13 10:40:03,645 - matplotlib.ticker - DEBUG - vmin 999990.5500021256 vmax 1000000.4500021269
2024-04-13 10:40:03,646 - matplotlib.ticker - DEBUG - ticklocs array([1.e+04, 1.e+05, 1.e+06, 1.e+07, 1.e+08])
2024-04-13 10:40:04,186 - matplotlib.ticker - DEBUG - vmin 999990.5500021256 vmax 1000000.4500021269
2024-04-13 10:40:04,186 - matplotlib.ticker - DEBUG - ticklocs array([1.e+04, 1.e+05, 1.e+06, 1.e+07, 1.e+08])
2024-04-13 10:40:04,188 - matplotlib.ticker - DEBUG - vmin 999990.5500021256 vmax 1000000.4500021269
2024-04-13 10:40:04,188 - matplotlib.ticker - DEBUG - ticklocs array([2.e+04, 3.e+04, 4.e+04, 5.e+04, 6.e+04, 7.e+04, 8.e+04, 9.e+04,
       2.e+05, 3.e+05, 4.e+05, 5.e+05, 6.e+05, 7.e+05, 8.e+05, 9.e+05,
       2.e+06, 3.e+06, 4.e+06, 5.e+06, 6.e+06, 7.e+06, 8.e+06, 9.e+06,
       2.e+07, 3.e+07, 4.e+07, 5.e+07, 6.e+07, 7.e+07, 8.e+07, 9.e+07,
       2.e+08, 3.e+08, 4.e+08, 5.e+08, 6.e+08, 7.e+08, 8.e+08, 9.e+08])
2024-04-13 10:40:04,191 - matplotlib.ticker - DEBUG - vmin 999990.5500021256 vmax 1000000.4500021269
2024-04-13 10:40:04,191 - matplotlib.ticker - DEBUG - ticklocs array([1.e+04, 1.e+05, 1.e+06, 1.e+07, 1.e+08])
2024-04-13 10:40:04,202 - matplotlib.ticker - DEBUG - vmin 999990.5500021256 vmax 1000000.4500021269
2024-04-13 10:40:04,203 - matplotlib.ticker - DEBUG - ticklocs array([1.e+04, 1.e+05, 1.e+06, 1.e+07, 1.e+08])
2024-04-13 10:40:04,204 - matplotlib.ticker - DEBUG - vmin 999990.5500021256 vmax 1000000.4500021269
2024-04-13 10:40:04,205 - matplotlib.ticker - DEBUG - ticklocs array([2.e+04, 3.e+04, 4.e+04, 5.e+04, 6.e+04, 7.e+04, 8.e+04, 9.e+04,
       2.e+05, 3.e+05, 4.e+05, 5.e+05, 6.e+05, 7.e+05, 8.e+05, 9.e+05,
       2.e+06, 3.e+06, 4.e+06, 5.e+06, 6.e+06, 7.e+06, 8.e+06, 9.e+06,
       2.e+07, 3.e+07, 4.e+07, 5.e+07, 6.e+07, 7.e+07, 8.e+07, 9.e+07,
       2.e+08, 3.e+08, 4.e+08, 5.e+08, 6.e+08, 7.e+08, 8.e+08, 9.e+08])
2024-04-13 10:40:04,208 - matplotlib.ticker - DEBUG - vmin 999990.5500021256 vmax 1000000.4500021269
2024-04-13 10:40:04,209 - matplotlib.ticker - DEBUG - ticklocs array([1.e+04, 1.e+05, 1.e+06, 1.e+07, 1.e+08])
2024-04-13 10:40:04,260 - matplotlib.ticker - DEBUG - vmin 999990.5500021256 vmax 1000000.4500021269
2024-04-13 10:40:04,260 - matplotlib.ticker - DEBUG - ticklocs array([1.e+04, 1.e+05, 1.e+06, 1.e+07, 1.e+08])
2024-04-13 10:40:04,262 - matplotlib.ticker - DEBUG - vmin 999990.5500021256 vmax 1000000.4500021269
2024-04-13 10:40:04,263 - matplotlib.ticker - DEBUG - ticklocs array([2.e+04, 3.e+04, 4.e+04, 5.e+04, 6.e+04, 7.e+04, 8.e+04, 9.e+04,
       2.e+05, 3.e+05, 4.e+05, 5.e+05, 6.e+05, 7.e+05, 8.e+05, 9.e+05,
       2.e+06, 3.e+06, 4.e+06, 5.e+06, 6.e+06, 7.e+06, 8.e+06, 9.e+06,
       2.e+07, 3.e+07, 4.e+07, 5.e+07, 6.e+07, 7.e+07, 8.e+07, 9.e+07,
       2.e+08, 3.e+08, 4.e+08, 5.e+08, 6.e+08, 7.e+08, 8.e+08, 9.e+08])
2024-04-13 10:40:04,266 - matplotlib.ticker - DEBUG - vmin 999990.5500021256 vmax 1000000.4500021269
2024-04-13 10:40:04,266 - matplotlib.ticker - DEBUG - ticklocs array([1.e+04, 1.e+05, 1.e+06, 1.e+07, 1.e+08])
2024-04-13 10:40:04,271 - matplotlib.ticker - DEBUG - vmin 999990.5500021256 vmax 1000000.4500021269
2024-04-13 10:40:04,271 - matplotlib.ticker - DEBUG - ticklocs array([1.e+04, 1.e+05, 1.e+06, 1.e+07, 1.e+08])
2024-04-13 10:40:04,273 - matplotlib.ticker - DEBUG - vmin 999990.5500021256 vmax 1000000.4500021269
2024-04-13 10:40:04,273 - matplotlib.ticker - DEBUG - ticklocs array([2.e+04, 3.e+04, 4.e+04, 5.e+04, 6.e+04, 7.e+04, 8.e+04, 9.e+04,
       2.e+05, 3.e+05, 4.e+05, 5.e+05, 6.e+05, 7.e+05, 8.e+05, 9.e+05,
       2.e+06, 3.e+06, 4.e+06, 5.e+06, 6.e+06, 7.e+06, 8.e+06, 9.e+06,
       2.e+07, 3.e+07, 4.e+07, 5.e+07, 6.e+07, 7.e+07, 8.e+07, 9.e+07,
       2.e+08, 3.e+08, 4.e+08, 5.e+08, 6.e+08, 7.e+08, 8.e+08, 9.e+08])
2024-04-13 10:40:04,277 - matplotlib.ticker - DEBUG - vmin 999990.5500021256 vmax 1000000.4500021269
2024-04-13 10:40:04,278 - matplotlib.ticker - DEBUG - ticklocs array([1.e+04, 1.e+05, 1.e+06, 1.e+07, 1.e+08])
2024-04-13 10:40:04,283 - matplotlib.ticker - DEBUG - vmin 999990.5500021256 vmax 1000000.4500021269
2024-04-13 10:40:04,283 - matplotlib.ticker - DEBUG - ticklocs array([1.e+04, 1.e+05, 1.e+06, 1.e+07, 1.e+08])
2024-04-13 10:40:04,284 - matplotlib.ticker - DEBUG - vmin 999990.5500021256 vmax 1000000.4500021269
2024-04-13 10:40:04,284 - matplotlib.ticker - DEBUG - ticklocs array([2.e+04, 3.e+04, 4.e+04, 5.e+04, 6.e+04, 7.e+04, 8.e+04, 9.e+04,
       2.e+05, 3.e+05, 4.e+05, 5.e+05, 6.e+05, 7.e+05, 8.e+05, 9.e+05,
       2.e+06, 3.e+06, 4.e+06, 5.e+06, 6.e+06, 7.e+06, 8.e+06, 9.e+06,
       2.e+07, 3.e+07, 4.e+07, 5.e+07, 6.e+07, 7.e+07, 8.e+07, 9.e+07,
       2.e+08, 3.e+08, 4.e+08, 5.e+08, 6.e+08, 7.e+08, 8.e+08, 9.e+08])
2024-04-13 10:40:04,286 - matplotlib.ticker - DEBUG - vmin 999990.5500021256 vmax 1000000.4500021269
2024-04-13 10:40:04,287 - matplotlib.ticker - DEBUG - ticklocs array([1.e+04, 1.e+05, 1.e+06, 1.e+07, 1.e+08])
2024-04-13 10:40:04,323 - matplotlib.ticker - DEBUG - vmin 999990.5500021256 vmax 1000000.4500021269
2024-04-13 10:40:04,323 - matplotlib.ticker - DEBUG - ticklocs array([1.e+04, 1.e+05, 1.e+06, 1.e+07, 1.e+08])
2024-04-13 10:40:04,324 - matplotlib.ticker - DEBUG - vmin 999990.5500021256 vmax 1000000.4500021269
2024-04-13 10:40:04,324 - matplotlib.ticker - DEBUG - ticklocs array([2.e+04, 3.e+04, 4.e+04, 5.e+04, 6.e+04, 7.e+04, 8.e+04, 9.e+04,
       2.e+05, 3.e+05, 4.e+05, 5.e+05, 6.e+05, 7.e+05, 8.e+05, 9.e+05,
       2.e+06, 3.e+06, 4.e+06, 5.e+06, 6.e+06, 7.e+06, 8.e+06, 9.e+06,
       2.e+07, 3.e+07, 4.e+07, 5.e+07, 6.e+07, 7.e+07, 8.e+07, 9.e+07,
       2.e+08, 3.e+08, 4.e+08, 5.e+08, 6.e+08, 7.e+08, 8.e+08, 9.e+08])
2024-04-13 10:40:04,326 - matplotlib.ticker - DEBUG - vmin 999990.5500021256 vmax 1000000.4500021269
2024-04-13 10:40:04,326 - matplotlib.ticker - DEBUG - ticklocs array([1.e+04, 1.e+05, 1.e+06, 1.e+07, 1.e+08])
2024-04-13 10:40:04,328 - matplotlib.ticker - DEBUG - vmin 999990.5500021256 vmax 1000000.4500021269
2024-04-13 10:40:04,328 - matplotlib.ticker - DEBUG - ticklocs array([1.e+04, 1.e+05, 1.e+06, 1.e+07, 1.e+08])
2024-04-13 10:40:04,329 - matplotlib.ticker - DEBUG - vmin 999990.5500021256 vmax 1000000.4500021269
2024-04-13 10:40:04,330 - matplotlib.ticker - DEBUG - ticklocs array([2.e+04, 3.e+04, 4.e+04, 5.e+04, 6.e+04, 7.e+04, 8.e+04, 9.e+04,
       2.e+05, 3.e+05, 4.e+05, 5.e+05, 6.e+05, 7.e+05, 8.e+05, 9.e+05,
       2.e+06, 3.e+06, 4.e+06, 5.e+06, 6.e+06, 7.e+06, 8.e+06, 9.e+06,
       2.e+07, 3.e+07, 4.e+07, 5.e+07, 6.e+07, 7.e+07, 8.e+07, 9.e+07,
       2.e+08, 3.e+08, 4.e+08, 5.e+08, 6.e+08, 7.e+08, 8.e+08, 9.e+08])
2024-04-13 10:40:04,331 - matplotlib.ticker - DEBUG - vmin 999990.5500021256 vmax 1000000.4500021269
2024-04-13 10:40:04,331 - matplotlib.ticker - DEBUG - ticklocs array([1.e+04, 1.e+05, 1.e+06, 1.e+07, 1.e+08])
2024-04-13 10:40:04,336 - matplotlib.ticker - DEBUG - vmin 999990.5500021256 vmax 1000000.4500021269
2024-04-13 10:40:04,336 - matplotlib.ticker - DEBUG - ticklocs array([1.e+04, 1.e+05, 1.e+06, 1.e+07, 1.e+08])
2024-04-13 10:40:04,337 - matplotlib.ticker - DEBUG - vmin 999990.5500021256 vmax 1000000.4500021269
2024-04-13 10:40:04,337 - matplotlib.ticker - DEBUG - ticklocs array([2.e+04, 3.e+04, 4.e+04, 5.e+04, 6.e+04, 7.e+04, 8.e+04, 9.e+04,
       2.e+05, 3.e+05, 4.e+05, 5.e+05, 6.e+05, 7.e+05, 8.e+05, 9.e+05,
       2.e+06, 3.e+06, 4.e+06, 5.e+06, 6.e+06, 7.e+06, 8.e+06, 9.e+06,
       2.e+07, 3.e+07, 4.e+07, 5.e+07, 6.e+07, 7.e+07, 8.e+07, 9.e+07,
       2.e+08, 3.e+08, 4.e+08, 5.e+08, 6.e+08, 7.e+08, 8.e+08, 9.e+08])
2024-04-13 10:40:04,339 - matplotlib.ticker - DEBUG - vmin 999990.5500021256 vmax 1000000.4500021269
2024-04-13 10:40:04,339 - matplotlib.ticker - DEBUG - ticklocs array([1.e+04, 1.e+05, 1.e+06, 1.e+07, 1.e+08])
2024-04-13 10:40:04,341 - matplotlib.ticker - DEBUG - vmin 999990.5500021256 vmax 1000000.4500021269
2024-04-13 10:40:04,341 - matplotlib.ticker - DEBUG - ticklocs array([1.e+04, 1.e+05, 1.e+06, 1.e+07, 1.e+08])
2024-04-13 10:40:04,342 - matplotlib.ticker - DEBUG - vmin 999990.5500021256 vmax 1000000.4500021269
2024-04-13 10:40:04,342 - matplotlib.ticker - DEBUG - ticklocs array([2.e+04, 3.e+04, 4.e+04, 5.e+04, 6.e+04, 7.e+04, 8.e+04, 9.e+04,
       2.e+05, 3.e+05, 4.e+05, 5.e+05, 6.e+05, 7.e+05, 8.e+05, 9.e+05,
       2.e+06, 3.e+06, 4.e+06, 5.e+06, 6.e+06, 7.e+06, 8.e+06, 9.e+06,
       2.e+07, 3.e+07, 4.e+07, 5.e+07, 6.e+07, 7.e+07, 8.e+07, 9.e+07,
       2.e+08, 3.e+08, 4.e+08, 5.e+08, 6.e+08, 7.e+08, 8.e+08, 9.e+08])
2024-04-13 10:40:04,343 - matplotlib.ticker - DEBUG - vmin 999990.5500021256 vmax 1000000.4500021269
2024-04-13 10:40:04,343 - matplotlib.ticker - DEBUG - ticklocs array([1.e+04, 1.e+05, 1.e+06, 1.e+07, 1.e+08])
2024-04-13 10:40:04,346 - matplotlib.ticker - DEBUG - vmin 999990.5500021256 vmax 1000000.4500021269
2024-04-13 10:40:04,346 - matplotlib.ticker - DEBUG - ticklocs array([1.e+04, 1.e+05, 1.e+06, 1.e+07, 1.e+08])
2024-04-13 10:40:04,347 - matplotlib.ticker - DEBUG - vmin 999990.5500021256 vmax 1000000.4500021269
2024-04-13 10:40:04,347 - matplotlib.ticker - DEBUG - ticklocs array([2.e+04, 3.e+04, 4.e+04, 5.e+04, 6.e+04, 7.e+04, 8.e+04, 9.e+04,
       2.e+05, 3.e+05, 4.e+05, 5.e+05, 6.e+05, 7.e+05, 8.e+05, 9.e+05,
       2.e+06, 3.e+06, 4.e+06, 5.e+06, 6.e+06, 7.e+06, 8.e+06, 9.e+06,
       2.e+07, 3.e+07, 4.e+07, 5.e+07, 6.e+07, 7.e+07, 8.e+07, 9.e+07,
       2.e+08, 3.e+08, 4.e+08, 5.e+08, 6.e+08, 7.e+08, 8.e+08, 9.e+08])
2024-04-13 10:40:04,349 - matplotlib.ticker - DEBUG - vmin 999990.5500021256 vmax 1000000.4500021269
2024-04-13 10:40:04,349 - matplotlib.ticker - DEBUG - ticklocs array([1.e+04, 1.e+05, 1.e+06, 1.e+07, 1.e+08])
2024-04-13 10:40:04,351 - matplotlib.ticker - DEBUG - vmin 999990.5500021256 vmax 1000000.4500021269
2024-04-13 10:40:04,351 - matplotlib.ticker - DEBUG - ticklocs array([1.e+04, 1.e+05, 1.e+06, 1.e+07, 1.e+08])
2024-04-13 10:40:04,352 - matplotlib.ticker - DEBUG - vmin 999990.5500021256 vmax 1000000.4500021269
2024-04-13 10:40:04,352 - matplotlib.ticker - DEBUG - ticklocs array([2.e+04, 3.e+04, 4.e+04, 5.e+04, 6.e+04, 7.e+04, 8.e+04, 9.e+04,
       2.e+05, 3.e+05, 4.e+05, 5.e+05, 6.e+05, 7.e+05, 8.e+05, 9.e+05,
       2.e+06, 3.e+06, 4.e+06, 5.e+06, 6.e+06, 7.e+06, 8.e+06, 9.e+06,
       2.e+07, 3.e+07, 4.e+07, 5.e+07, 6.e+07, 7.e+07, 8.e+07, 9.e+07,
       2.e+08, 3.e+08, 4.e+08, 5.e+08, 6.e+08, 7.e+08, 8.e+08, 9.e+08])
2024-04-13 10:40:04,353 - matplotlib.ticker - DEBUG - vmin 999990.5500021256 vmax 1000000.4500021269
2024-04-13 10:40:04,353 - matplotlib.ticker - DEBUG - ticklocs array([1.e+04, 1.e+05, 1.e+06, 1.e+07, 1.e+08])
2024-04-13 10:40:04,357 - matplotlib.ticker - DEBUG - vmin 999990.5500021256 vmax 1000000.4500021269
2024-04-13 10:40:04,357 - matplotlib.ticker - DEBUG - ticklocs array([1.e+04, 1.e+05, 1.e+06, 1.e+07, 1.e+08])
2024-04-13 10:40:04,358 - matplotlib.ticker - DEBUG - vmin 999990.5500021256 vmax 1000000.4500021269
2024-04-13 10:40:04,358 - matplotlib.ticker - DEBUG - ticklocs array([2.e+04, 3.e+04, 4.e+04, 5.e+04, 6.e+04, 7.e+04, 8.e+04, 9.e+04,
       2.e+05, 3.e+05, 4.e+05, 5.e+05, 6.e+05, 7.e+05, 8.e+05, 9.e+05,
       2.e+06, 3.e+06, 4.e+06, 5.e+06, 6.e+06, 7.e+06, 8.e+06, 9.e+06,
       2.e+07, 3.e+07, 4.e+07, 5.e+07, 6.e+07, 7.e+07, 8.e+07, 9.e+07,
       2.e+08, 3.e+08, 4.e+08, 5.e+08, 6.e+08, 7.e+08, 8.e+08, 9.e+08])
2024-04-13 10:40:04,359 - matplotlib.ticker - DEBUG - vmin 999990.5500021256 vmax 1000000.4500021269
2024-04-13 10:40:04,360 - matplotlib.ticker - DEBUG - ticklocs array([1.e+04, 1.e+05, 1.e+06, 1.e+07, 1.e+08])
2024-04-13 10:40:04,391 - matplotlib.ticker - DEBUG - vmin 999990.5500021256 vmax 1000000.4500021269
2024-04-13 10:40:04,392 - matplotlib.ticker - DEBUG - ticklocs array([1.e+04, 1.e+05, 1.e+06, 1.e+07, 1.e+08])
2024-04-13 10:40:04,392 - matplotlib.ticker - DEBUG - vmin 999990.5500021256 vmax 1000000.4500021269
2024-04-13 10:40:04,393 - matplotlib.ticker - DEBUG - ticklocs array([2.e+04, 3.e+04, 4.e+04, 5.e+04, 6.e+04, 7.e+04, 8.e+04, 9.e+04,
       2.e+05, 3.e+05, 4.e+05, 5.e+05, 6.e+05, 7.e+05, 8.e+05, 9.e+05,
       2.e+06, 3.e+06, 4.e+06, 5.e+06, 6.e+06, 7.e+06, 8.e+06, 9.e+06,
       2.e+07, 3.e+07, 4.e+07, 5.e+07, 6.e+07, 7.e+07, 8.e+07, 9.e+07,
       2.e+08, 3.e+08, 4.e+08, 5.e+08, 6.e+08, 7.e+08, 8.e+08, 9.e+08])
2024-04-13 10:40:04,394 - matplotlib.ticker - DEBUG - vmin 999990.5500021256 vmax 1000000.4500021269
2024-04-13 10:40:04,394 - matplotlib.ticker - DEBUG - ticklocs array([1.e+04, 1.e+05, 1.e+06, 1.e+07, 1.e+08])
2024-04-13 10:40:04,397 - matplotlib.ticker - DEBUG - vmin 999990.5500021256 vmax 1000000.4500021269
2024-04-13 10:40:04,397 - matplotlib.ticker - DEBUG - ticklocs array([1.e+04, 1.e+05, 1.e+06, 1.e+07, 1.e+08])
2024-04-13 10:40:04,398 - matplotlib.ticker - DEBUG - vmin 999990.5500021256 vmax 1000000.4500021269
2024-04-13 10:40:04,398 - matplotlib.ticker - DEBUG - ticklocs array([2.e+04, 3.e+04, 4.e+04, 5.e+04, 6.e+04, 7.e+04, 8.e+04, 9.e+04,
       2.e+05, 3.e+05, 4.e+05, 5.e+05, 6.e+05, 7.e+05, 8.e+05, 9.e+05,
       2.e+06, 3.e+06, 4.e+06, 5.e+06, 6.e+06, 7.e+06, 8.e+06, 9.e+06,
       2.e+07, 3.e+07, 4.e+07, 5.e+07, 6.e+07, 7.e+07, 8.e+07, 9.e+07,
       2.e+08, 3.e+08, 4.e+08, 5.e+08, 6.e+08, 7.e+08, 8.e+08, 9.e+08])
2024-04-13 10:40:04,400 - matplotlib.ticker - DEBUG - vmin 999990.5500021256 vmax 1000000.4500021269
2024-04-13 10:40:04,400 - matplotlib.ticker - DEBUG - ticklocs array([1.e+04, 1.e+05, 1.e+06, 1.e+07, 1.e+08])
2024-04-13 10:40:04,443 - matplotlib.ticker - DEBUG - vmin 999990.5500021256 vmax 1000000.4500021269
2024-04-13 10:40:04,444 - matplotlib.ticker - DEBUG - ticklocs array([1.e+04, 1.e+05, 1.e+06, 1.e+07, 1.e+08])
2024-04-13 10:40:04,445 - matplotlib.ticker - DEBUG - vmin 999990.5500021256 vmax 1000000.4500021269
2024-04-13 10:40:04,445 - matplotlib.ticker - DEBUG - ticklocs array([2.e+04, 3.e+04, 4.e+04, 5.e+04, 6.e+04, 7.e+04, 8.e+04, 9.e+04,
       2.e+05, 3.e+05, 4.e+05, 5.e+05, 6.e+05, 7.e+05, 8.e+05, 9.e+05,
       2.e+06, 3.e+06, 4.e+06, 5.e+06, 6.e+06, 7.e+06, 8.e+06, 9.e+06,
       2.e+07, 3.e+07, 4.e+07, 5.e+07, 6.e+07, 7.e+07, 8.e+07, 9.e+07,
       2.e+08, 3.e+08, 4.e+08, 5.e+08, 6.e+08, 7.e+08, 8.e+08, 9.e+08])
2024-04-13 10:40:04,446 - matplotlib.ticker - DEBUG - vmin 999990.5500021256 vmax 1000000.4500021269
2024-04-13 10:40:04,446 - matplotlib.ticker - DEBUG - ticklocs array([1.e+04, 1.e+05, 1.e+06, 1.e+07, 1.e+08])
2024-04-13 10:40:04,507 - matplotlib.ticker - DEBUG - vmin 999990.5500021256 vmax 1000000.4500021269
2024-04-13 10:40:04,507 - matplotlib.ticker - DEBUG - ticklocs array([1.e+04, 1.e+05, 1.e+06, 1.e+07, 1.e+08])
2024-04-13 10:40:04,509 - matplotlib.ticker - DEBUG - vmin 999990.5500021256 vmax 1000000.4500021269
2024-04-13 10:40:04,509 - matplotlib.ticker - DEBUG - ticklocs array([2.e+04, 3.e+04, 4.e+04, 5.e+04, 6.e+04, 7.e+04, 8.e+04, 9.e+04,
       2.e+05, 3.e+05, 4.e+05, 5.e+05, 6.e+05, 7.e+05, 8.e+05, 9.e+05,
       2.e+06, 3.e+06, 4.e+06, 5.e+06, 6.e+06, 7.e+06, 8.e+06, 9.e+06,
       2.e+07, 3.e+07, 4.e+07, 5.e+07, 6.e+07, 7.e+07, 8.e+07, 9.e+07,
       2.e+08, 3.e+08, 4.e+08, 5.e+08, 6.e+08, 7.e+08, 8.e+08, 9.e+08])
2024-04-13 10:40:04,510 - matplotlib.ticker - DEBUG - vmin 999990.5500021256 vmax 1000000.4500021269
2024-04-13 10:40:04,511 - matplotlib.ticker - DEBUG - ticklocs array([1.e+04, 1.e+05, 1.e+06, 1.e+07, 1.e+08])
2024-04-13 10:40:04,514 - matplotlib.ticker - DEBUG - vmin 999990.5500021256 vmax 1000000.4500021269
2024-04-13 10:40:04,515 - matplotlib.ticker - DEBUG - ticklocs array([1.e+04, 1.e+05, 1.e+06, 1.e+07, 1.e+08])
2024-04-13 10:40:04,515 - matplotlib.ticker - DEBUG - vmin 999990.5500021256 vmax 1000000.4500021269
2024-04-13 10:40:04,516 - matplotlib.ticker - DEBUG - ticklocs array([2.e+04, 3.e+04, 4.e+04, 5.e+04, 6.e+04, 7.e+04, 8.e+04, 9.e+04,
       2.e+05, 3.e+05, 4.e+05, 5.e+05, 6.e+05, 7.e+05, 8.e+05, 9.e+05,
       2.e+06, 3.e+06, 4.e+06, 5.e+06, 6.e+06, 7.e+06, 8.e+06, 9.e+06,
       2.e+07, 3.e+07, 4.e+07, 5.e+07, 6.e+07, 7.e+07, 8.e+07, 9.e+07,
       2.e+08, 3.e+08, 4.e+08, 5.e+08, 6.e+08, 7.e+08, 8.e+08, 9.e+08])
2024-04-13 10:40:04,517 - matplotlib.ticker - DEBUG - vmin 999990.5500021256 vmax 1000000.4500021269
2024-04-13 10:40:04,517 - matplotlib.ticker - DEBUG - ticklocs array([1.e+04, 1.e+05, 1.e+06, 1.e+07, 1.e+08])
2024-04-13 10:40:04,735 - PIL.PngImagePlugin - DEBUG - STREAM b'IHDR' 16 13
2024-04-13 10:40:04,736 - PIL.PngImagePlugin - DEBUG - STREAM b'tEXt' 41 57
2024-04-13 10:40:04,736 - PIL.PngImagePlugin - DEBUG - STREAM b'pHYs' 110 9
2024-04-13 10:40:04,736 - PIL.PngImagePlugin - DEBUG - STREAM b'IDAT' 131 65536
2024-04-13 14:40:00,060 - PIL.PngImagePlugin - DEBUG - STREAM b'IHDR' 16 13
2024-04-13 14:40:00,335 - PIL.PngImagePlugin - DEBUG - STREAM b'tEXt' 41 57
2024-04-13 14:40:00,336 - PIL.PngImagePlugin - DEBUG - STREAM b'pHYs' 110 9
2024-04-13 14:40:00,336 - PIL.PngImagePlugin - DEBUG - STREAM b'IDAT' 131 65536
2024-04-13 14:40:01,556 - matplotlib.ticker - DEBUG - vmin 999990.5500021256 vmax 1000000.4500021269
2024-04-13 14:40:01,713 - matplotlib.ticker - DEBUG - ticklocs array([1.e+04, 1.e+05, 1.e+06, 1.e+07, 1.e+08])
2024-04-13 14:40:01,775 - matplotlib.ticker - DEBUG - vmin 999990.5500021256 vmax 1000000.4500021269
2024-04-13 14:40:01,776 - matplotlib.ticker - DEBUG - ticklocs array([2.e+04, 3.e+04, 4.e+04, 5.e+04, 6.e+04, 7.e+04, 8.e+04, 9.e+04,
       2.e+05, 3.e+05, 4.e+05, 5.e+05, 6.e+05, 7.e+05, 8.e+05, 9.e+05,
       2.e+06, 3.e+06, 4.e+06, 5.e+06, 6.e+06, 7.e+06, 8.e+06, 9.e+06,
       2.e+07, 3.e+07, 4.e+07, 5.e+07, 6.e+07, 7.e+07, 8.e+07, 9.e+07,
       2.e+08, 3.e+08, 4.e+08, 5.e+08, 6.e+08, 7.e+08, 8.e+08, 9.e+08])
2024-04-13 14:40:01,788 - matplotlib.ticker - DEBUG - vmin 999990.5500021256 vmax 1000000.4500021269
2024-04-13 14:40:01,789 - matplotlib.ticker - DEBUG - ticklocs array([1.e+04, 1.e+05, 1.e+06, 1.e+07, 1.e+08])
2024-04-13 14:40:03,262 - matplotlib.ticker - DEBUG - vmin 999990.5500021256 vmax 1000000.4500021269
2024-04-13 14:40:03,262 - matplotlib.ticker - DEBUG - ticklocs array([1.e+04, 1.e+05, 1.e+06, 1.e+07, 1.e+08])
2024-04-13 14:40:03,263 - matplotlib.ticker - DEBUG - vmin 999990.5500021256 vmax 1000000.4500021269
2024-04-13 14:40:03,263 - matplotlib.ticker - DEBUG - ticklocs array([2.e+04, 3.e+04, 4.e+04, 5.e+04, 6.e+04, 7.e+04, 8.e+04, 9.e+04,
       2.e+05, 3.e+05, 4.e+05, 5.e+05, 6.e+05, 7.e+05, 8.e+05, 9.e+05,
       2.e+06, 3.e+06, 4.e+06, 5.e+06, 6.e+06, 7.e+06, 8.e+06, 9.e+06,
       2.e+07, 3.e+07, 4.e+07, 5.e+07, 6.e+07, 7.e+07, 8.e+07, 9.e+07,
       2.e+08, 3.e+08, 4.e+08, 5.e+08, 6.e+08, 7.e+08, 8.e+08, 9.e+08])
2024-04-13 14:40:03,265 - matplotlib.ticker - DEBUG - vmin 999990.5500021256 vmax 1000000.4500021269
2024-04-13 14:40:03,265 - matplotlib.ticker - DEBUG - ticklocs array([1.e+04, 1.e+05, 1.e+06, 1.e+07, 1.e+08])
2024-04-13 14:40:03,268 - matplotlib.ticker - DEBUG - vmin 999990.5500021256 vmax 1000000.4500021269
2024-04-13 14:40:03,269 - matplotlib.ticker - DEBUG - ticklocs array([1.e+04, 1.e+05, 1.e+06, 1.e+07, 1.e+08])
2024-04-13 14:40:03,269 - matplotlib.ticker - DEBUG - vmin 999990.5500021256 vmax 1000000.4500021269
2024-04-13 14:40:03,270 - matplotlib.ticker - DEBUG - ticklocs array([2.e+04, 3.e+04, 4.e+04, 5.e+04, 6.e+04, 7.e+04, 8.e+04, 9.e+04,
       2.e+05, 3.e+05, 4.e+05, 5.e+05, 6.e+05, 7.e+05, 8.e+05, 9.e+05,
       2.e+06, 3.e+06, 4.e+06, 5.e+06, 6.e+06, 7.e+06, 8.e+06, 9.e+06,
       2.e+07, 3.e+07, 4.e+07, 5.e+07, 6.e+07, 7.e+07, 8.e+07, 9.e+07,
       2.e+08, 3.e+08, 4.e+08, 5.e+08, 6.e+08, 7.e+08, 8.e+08, 9.e+08])
2024-04-13 14:40:03,272 - matplotlib.ticker - DEBUG - vmin 999990.5500021256 vmax 1000000.4500021269
2024-04-13 14:40:03,272 - matplotlib.ticker - DEBUG - ticklocs array([1.e+04, 1.e+05, 1.e+06, 1.e+07, 1.e+08])
2024-04-13 14:40:03,298 - matplotlib.ticker - DEBUG - vmin 999990.5500021256 vmax 1000000.4500021269
2024-04-13 14:40:03,298 - matplotlib.ticker - DEBUG - ticklocs array([1.e+04, 1.e+05, 1.e+06, 1.e+07, 1.e+08])
2024-04-13 14:40:03,299 - matplotlib.ticker - DEBUG - vmin 999990.5500021256 vmax 1000000.4500021269
2024-04-13 14:40:03,299 - matplotlib.ticker - DEBUG - ticklocs array([2.e+04, 3.e+04, 4.e+04, 5.e+04, 6.e+04, 7.e+04, 8.e+04, 9.e+04,
       2.e+05, 3.e+05, 4.e+05, 5.e+05, 6.e+05, 7.e+05, 8.e+05, 9.e+05,
       2.e+06, 3.e+06, 4.e+06, 5.e+06, 6.e+06, 7.e+06, 8.e+06, 9.e+06,
       2.e+07, 3.e+07, 4.e+07, 5.e+07, 6.e+07, 7.e+07, 8.e+07, 9.e+07,
       2.e+08, 3.e+08, 4.e+08, 5.e+08, 6.e+08, 7.e+08, 8.e+08, 9.e+08])
2024-04-13 14:40:03,301 - matplotlib.ticker - DEBUG - vmin 999990.5500021256 vmax 1000000.4500021269
2024-04-13 14:40:03,301 - matplotlib.ticker - DEBUG - ticklocs array([1.e+04, 1.e+05, 1.e+06, 1.e+07, 1.e+08])
2024-04-13 14:40:03,303 - matplotlib.ticker - DEBUG - vmin 999990.5500021256 vmax 1000000.4500021269
2024-04-13 14:40:03,303 - matplotlib.ticker - DEBUG - ticklocs array([1.e+04, 1.e+05, 1.e+06, 1.e+07, 1.e+08])
2024-04-13 14:40:03,304 - matplotlib.ticker - DEBUG - vmin 999990.5500021256 vmax 1000000.4500021269
2024-04-13 14:40:03,304 - matplotlib.ticker - DEBUG - ticklocs array([2.e+04, 3.e+04, 4.e+04, 5.e+04, 6.e+04, 7.e+04, 8.e+04, 9.e+04,
       2.e+05, 3.e+05, 4.e+05, 5.e+05, 6.e+05, 7.e+05, 8.e+05, 9.e+05,
       2.e+06, 3.e+06, 4.e+06, 5.e+06, 6.e+06, 7.e+06, 8.e+06, 9.e+06,
       2.e+07, 3.e+07, 4.e+07, 5.e+07, 6.e+07, 7.e+07, 8.e+07, 9.e+07,
       2.e+08, 3.e+08, 4.e+08, 5.e+08, 6.e+08, 7.e+08, 8.e+08, 9.e+08])
2024-04-13 14:40:03,306 - matplotlib.ticker - DEBUG - vmin 999990.5500021256 vmax 1000000.4500021269
2024-04-13 14:40:03,306 - matplotlib.ticker - DEBUG - ticklocs array([1.e+04, 1.e+05, 1.e+06, 1.e+07, 1.e+08])
2024-04-13 14:40:03,310 - matplotlib.ticker - DEBUG - vmin 999990.5500021256 vmax 1000000.4500021269
2024-04-13 14:40:03,310 - matplotlib.ticker - DEBUG - ticklocs array([1.e+04, 1.e+05, 1.e+06, 1.e+07, 1.e+08])
2024-04-13 14:40:03,311 - matplotlib.ticker - DEBUG - vmin 999990.5500021256 vmax 1000000.4500021269
2024-04-13 14:40:03,311 - matplotlib.ticker - DEBUG - ticklocs array([2.e+04, 3.e+04, 4.e+04, 5.e+04, 6.e+04, 7.e+04, 8.e+04, 9.e+04,
       2.e+05, 3.e+05, 4.e+05, 5.e+05, 6.e+05, 7.e+05, 8.e+05, 9.e+05,
       2.e+06, 3.e+06, 4.e+06, 5.e+06, 6.e+06, 7.e+06, 8.e+06, 9.e+06,
       2.e+07, 3.e+07, 4.e+07, 5.e+07, 6.e+07, 7.e+07, 8.e+07, 9.e+07,
       2.e+08, 3.e+08, 4.e+08, 5.e+08, 6.e+08, 7.e+08, 8.e+08, 9.e+08])
2024-04-13 14:40:03,312 - matplotlib.ticker - DEBUG - vmin 999990.5500021256 vmax 1000000.4500021269
2024-04-13 14:40:03,312 - matplotlib.ticker - DEBUG - ticklocs array([1.e+04, 1.e+05, 1.e+06, 1.e+07, 1.e+08])
2024-04-13 14:40:03,344 - matplotlib.ticker - DEBUG - vmin 999990.5500021256 vmax 1000000.4500021269
2024-04-13 14:40:03,345 - matplotlib.ticker - DEBUG - ticklocs array([1.e+04, 1.e+05, 1.e+06, 1.e+07, 1.e+08])
2024-04-13 14:40:03,345 - matplotlib.ticker - DEBUG - vmin 999990.5500021256 vmax 1000000.4500021269
2024-04-13 14:40:03,346 - matplotlib.ticker - DEBUG - ticklocs array([2.e+04, 3.e+04, 4.e+04, 5.e+04, 6.e+04, 7.e+04, 8.e+04, 9.e+04,
       2.e+05, 3.e+05, 4.e+05, 5.e+05, 6.e+05, 7.e+05, 8.e+05, 9.e+05,
       2.e+06, 3.e+06, 4.e+06, 5.e+06, 6.e+06, 7.e+06, 8.e+06, 9.e+06,
       2.e+07, 3.e+07, 4.e+07, 5.e+07, 6.e+07, 7.e+07, 8.e+07, 9.e+07,
       2.e+08, 3.e+08, 4.e+08, 5.e+08, 6.e+08, 7.e+08, 8.e+08, 9.e+08])
2024-04-13 14:40:03,347 - matplotlib.ticker - DEBUG - vmin 999990.5500021256 vmax 1000000.4500021269
2024-04-13 14:40:03,347 - matplotlib.ticker - DEBUG - ticklocs array([1.e+04, 1.e+05, 1.e+06, 1.e+07, 1.e+08])
2024-04-13 14:40:03,350 - matplotlib.ticker - DEBUG - vmin 999990.5500021256 vmax 1000000.4500021269
2024-04-13 14:40:03,350 - matplotlib.ticker - DEBUG - ticklocs array([1.e+04, 1.e+05, 1.e+06, 1.e+07, 1.e+08])
2024-04-13 14:40:03,351 - matplotlib.ticker - DEBUG - vmin 999990.5500021256 vmax 1000000.4500021269
2024-04-13 14:40:03,351 - matplotlib.ticker - DEBUG - ticklocs array([2.e+04, 3.e+04, 4.e+04, 5.e+04, 6.e+04, 7.e+04, 8.e+04, 9.e+04,
       2.e+05, 3.e+05, 4.e+05, 5.e+05, 6.e+05, 7.e+05, 8.e+05, 9.e+05,
       2.e+06, 3.e+06, 4.e+06, 5.e+06, 6.e+06, 7.e+06, 8.e+06, 9.e+06,
       2.e+07, 3.e+07, 4.e+07, 5.e+07, 6.e+07, 7.e+07, 8.e+07, 9.e+07,
       2.e+08, 3.e+08, 4.e+08, 5.e+08, 6.e+08, 7.e+08, 8.e+08, 9.e+08])
2024-04-13 14:40:03,353 - matplotlib.ticker - DEBUG - vmin 999990.5500021256 vmax 1000000.4500021269
2024-04-13 14:40:03,353 - matplotlib.ticker - DEBUG - ticklocs array([1.e+04, 1.e+05, 1.e+06, 1.e+07, 1.e+08])
2024-04-13 14:40:03,358 - matplotlib.ticker - DEBUG - vmin 999990.5500021256 vmax 1000000.4500021269
2024-04-13 14:40:03,358 - matplotlib.ticker - DEBUG - ticklocs array([1.e+04, 1.e+05, 1.e+06, 1.e+07, 1.e+08])
2024-04-13 14:40:03,359 - matplotlib.ticker - DEBUG - vmin 999990.5500021256 vmax 1000000.4500021269
2024-04-13 14:40:03,359 - matplotlib.ticker - DEBUG - ticklocs array([2.e+04, 3.e+04, 4.e+04, 5.e+04, 6.e+04, 7.e+04, 8.e+04, 9.e+04,
       2.e+05, 3.e+05, 4.e+05, 5.e+05, 6.e+05, 7.e+05, 8.e+05, 9.e+05,
       2.e+06, 3.e+06, 4.e+06, 5.e+06, 6.e+06, 7.e+06, 8.e+06, 9.e+06,
       2.e+07, 3.e+07, 4.e+07, 5.e+07, 6.e+07, 7.e+07, 8.e+07, 9.e+07,
       2.e+08, 3.e+08, 4.e+08, 5.e+08, 6.e+08, 7.e+08, 8.e+08, 9.e+08])
2024-04-13 14:40:03,360 - matplotlib.ticker - DEBUG - vmin 999990.5500021256 vmax 1000000.4500021269
2024-04-13 14:40:03,361 - matplotlib.ticker - DEBUG - ticklocs array([1.e+04, 1.e+05, 1.e+06, 1.e+07, 1.e+08])
2024-04-13 14:40:03,363 - matplotlib.ticker - DEBUG - vmin 999990.5500021256 vmax 1000000.4500021269
2024-04-13 14:40:03,363 - matplotlib.ticker - DEBUG - ticklocs array([1.e+04, 1.e+05, 1.e+06, 1.e+07, 1.e+08])
2024-04-13 14:40:03,364 - matplotlib.ticker - DEBUG - vmin 999990.5500021256 vmax 1000000.4500021269
2024-04-13 14:40:03,364 - matplotlib.ticker - DEBUG - ticklocs array([2.e+04, 3.e+04, 4.e+04, 5.e+04, 6.e+04, 7.e+04, 8.e+04, 9.e+04,
       2.e+05, 3.e+05, 4.e+05, 5.e+05, 6.e+05, 7.e+05, 8.e+05, 9.e+05,
       2.e+06, 3.e+06, 4.e+06, 5.e+06, 6.e+06, 7.e+06, 8.e+06, 9.e+06,
       2.e+07, 3.e+07, 4.e+07, 5.e+07, 6.e+07, 7.e+07, 8.e+07, 9.e+07,
       2.e+08, 3.e+08, 4.e+08, 5.e+08, 6.e+08, 7.e+08, 8.e+08, 9.e+08])
2024-04-13 14:40:03,365 - matplotlib.ticker - DEBUG - vmin 999990.5500021256 vmax 1000000.4500021269
2024-04-13 14:40:03,365 - matplotlib.ticker - DEBUG - ticklocs array([1.e+04, 1.e+05, 1.e+06, 1.e+07, 1.e+08])
2024-04-13 14:40:03,368 - matplotlib.ticker - DEBUG - vmin 999990.5500021256 vmax 1000000.4500021269
2024-04-13 14:40:03,369 - matplotlib.ticker - DEBUG - ticklocs array([1.e+04, 1.e+05, 1.e+06, 1.e+07, 1.e+08])
2024-04-13 14:40:03,369 - matplotlib.ticker - DEBUG - vmin 999990.5500021256 vmax 1000000.4500021269
2024-04-13 14:40:03,370 - matplotlib.ticker - DEBUG - ticklocs array([2.e+04, 3.e+04, 4.e+04, 5.e+04, 6.e+04, 7.e+04, 8.e+04, 9.e+04,
       2.e+05, 3.e+05, 4.e+05, 5.e+05, 6.e+05, 7.e+05, 8.e+05, 9.e+05,
       2.e+06, 3.e+06, 4.e+06, 5.e+06, 6.e+06, 7.e+06, 8.e+06, 9.e+06,
       2.e+07, 3.e+07, 4.e+07, 5.e+07, 6.e+07, 7.e+07, 8.e+07, 9.e+07,
       2.e+08, 3.e+08, 4.e+08, 5.e+08, 6.e+08, 7.e+08, 8.e+08, 9.e+08])
2024-04-13 14:40:03,371 - matplotlib.ticker - DEBUG - vmin 999990.5500021256 vmax 1000000.4500021269
2024-04-13 14:40:03,371 - matplotlib.ticker - DEBUG - ticklocs array([1.e+04, 1.e+05, 1.e+06, 1.e+07, 1.e+08])
2024-04-13 14:40:03,373 - matplotlib.ticker - DEBUG - vmin 999990.5500021256 vmax 1000000.4500021269
2024-04-13 14:40:03,373 - matplotlib.ticker - DEBUG - ticklocs array([1.e+04, 1.e+05, 1.e+06, 1.e+07, 1.e+08])
2024-04-13 14:40:03,374 - matplotlib.ticker - DEBUG - vmin 999990.5500021256 vmax 1000000.4500021269
2024-04-13 14:40:03,374 - matplotlib.ticker - DEBUG - ticklocs array([2.e+04, 3.e+04, 4.e+04, 5.e+04, 6.e+04, 7.e+04, 8.e+04, 9.e+04,
       2.e+05, 3.e+05, 4.e+05, 5.e+05, 6.e+05, 7.e+05, 8.e+05, 9.e+05,
       2.e+06, 3.e+06, 4.e+06, 5.e+06, 6.e+06, 7.e+06, 8.e+06, 9.e+06,
       2.e+07, 3.e+07, 4.e+07, 5.e+07, 6.e+07, 7.e+07, 8.e+07, 9.e+07,
       2.e+08, 3.e+08, 4.e+08, 5.e+08, 6.e+08, 7.e+08, 8.e+08, 9.e+08])
2024-04-13 14:40:03,375 - matplotlib.ticker - DEBUG - vmin 999990.5500021256 vmax 1000000.4500021269
2024-04-13 14:40:03,375 - matplotlib.ticker - DEBUG - ticklocs array([1.e+04, 1.e+05, 1.e+06, 1.e+07, 1.e+08])
2024-04-13 14:40:03,379 - matplotlib.ticker - DEBUG - vmin 999990.5500021256 vmax 1000000.4500021269
2024-04-13 14:40:03,380 - matplotlib.ticker - DEBUG - ticklocs array([1.e+04, 1.e+05, 1.e+06, 1.e+07, 1.e+08])
2024-04-13 14:40:03,380 - matplotlib.ticker - DEBUG - vmin 999990.5500021256 vmax 1000000.4500021269
2024-04-13 14:40:03,381 - matplotlib.ticker - DEBUG - ticklocs array([2.e+04, 3.e+04, 4.e+04, 5.e+04, 6.e+04, 7.e+04, 8.e+04, 9.e+04,
       2.e+05, 3.e+05, 4.e+05, 5.e+05, 6.e+05, 7.e+05, 8.e+05, 9.e+05,
       2.e+06, 3.e+06, 4.e+06, 5.e+06, 6.e+06, 7.e+06, 8.e+06, 9.e+06,
       2.e+07, 3.e+07, 4.e+07, 5.e+07, 6.e+07, 7.e+07, 8.e+07, 9.e+07,
       2.e+08, 3.e+08, 4.e+08, 5.e+08, 6.e+08, 7.e+08, 8.e+08, 9.e+08])
2024-04-13 14:40:03,382 - matplotlib.ticker - DEBUG - vmin 999990.5500021256 vmax 1000000.4500021269
2024-04-13 14:40:03,382 - matplotlib.ticker - DEBUG - ticklocs array([1.e+04, 1.e+05, 1.e+06, 1.e+07, 1.e+08])
2024-04-13 14:40:03,418 - matplotlib.ticker - DEBUG - vmin 999990.5500021256 vmax 1000000.4500021269
2024-04-13 14:40:03,419 - matplotlib.ticker - DEBUG - ticklocs array([1.e+04, 1.e+05, 1.e+06, 1.e+07, 1.e+08])
2024-04-13 14:40:03,420 - matplotlib.ticker - DEBUG - vmin 999990.5500021256 vmax 1000000.4500021269
2024-04-13 14:40:03,420 - matplotlib.ticker - DEBUG - ticklocs array([2.e+04, 3.e+04, 4.e+04, 5.e+04, 6.e+04, 7.e+04, 8.e+04, 9.e+04,
       2.e+05, 3.e+05, 4.e+05, 5.e+05, 6.e+05, 7.e+05, 8.e+05, 9.e+05,
       2.e+06, 3.e+06, 4.e+06, 5.e+06, 6.e+06, 7.e+06, 8.e+06, 9.e+06,
       2.e+07, 3.e+07, 4.e+07, 5.e+07, 6.e+07, 7.e+07, 8.e+07, 9.e+07,
       2.e+08, 3.e+08, 4.e+08, 5.e+08, 6.e+08, 7.e+08, 8.e+08, 9.e+08])
2024-04-13 14:40:03,421 - matplotlib.ticker - DEBUG - vmin 999990.5500021256 vmax 1000000.4500021269
2024-04-13 14:40:03,421 - matplotlib.ticker - DEBUG - ticklocs array([1.e+04, 1.e+05, 1.e+06, 1.e+07, 1.e+08])
2024-04-13 14:40:03,423 - matplotlib.ticker - DEBUG - vmin 999990.5500021256 vmax 1000000.4500021269
2024-04-13 14:40:03,424 - matplotlib.ticker - DEBUG - ticklocs array([1.e+04, 1.e+05, 1.e+06, 1.e+07, 1.e+08])
2024-04-13 14:40:03,424 - matplotlib.ticker - DEBUG - vmin 999990.5500021256 vmax 1000000.4500021269
2024-04-13 14:40:03,425 - matplotlib.ticker - DEBUG - ticklocs array([2.e+04, 3.e+04, 4.e+04, 5.e+04, 6.e+04, 7.e+04, 8.e+04, 9.e+04,
       2.e+05, 3.e+05, 4.e+05, 5.e+05, 6.e+05, 7.e+05, 8.e+05, 9.e+05,
       2.e+06, 3.e+06, 4.e+06, 5.e+06, 6.e+06, 7.e+06, 8.e+06, 9.e+06,
       2.e+07, 3.e+07, 4.e+07, 5.e+07, 6.e+07, 7.e+07, 8.e+07, 9.e+07,
       2.e+08, 3.e+08, 4.e+08, 5.e+08, 6.e+08, 7.e+08, 8.e+08, 9.e+08])
2024-04-13 14:40:03,426 - matplotlib.ticker - DEBUG - vmin 999990.5500021256 vmax 1000000.4500021269
2024-04-13 14:40:03,426 - matplotlib.ticker - DEBUG - ticklocs array([1.e+04, 1.e+05, 1.e+06, 1.e+07, 1.e+08])
2024-04-13 14:40:03,479 - matplotlib.ticker - DEBUG - vmin 999990.5500021256 vmax 1000000.4500021269
2024-04-13 14:40:03,479 - matplotlib.ticker - DEBUG - ticklocs array([1.e+04, 1.e+05, 1.e+06, 1.e+07, 1.e+08])
2024-04-13 14:40:03,480 - matplotlib.ticker - DEBUG - vmin 999990.5500021256 vmax 1000000.4500021269
2024-04-13 14:40:03,480 - matplotlib.ticker - DEBUG - ticklocs array([2.e+04, 3.e+04, 4.e+04, 5.e+04, 6.e+04, 7.e+04, 8.e+04, 9.e+04,
       2.e+05, 3.e+05, 4.e+05, 5.e+05, 6.e+05, 7.e+05, 8.e+05, 9.e+05,
       2.e+06, 3.e+06, 4.e+06, 5.e+06, 6.e+06, 7.e+06, 8.e+06, 9.e+06,
       2.e+07, 3.e+07, 4.e+07, 5.e+07, 6.e+07, 7.e+07, 8.e+07, 9.e+07,
       2.e+08, 3.e+08, 4.e+08, 5.e+08, 6.e+08, 7.e+08, 8.e+08, 9.e+08])
2024-04-13 14:40:03,482 - matplotlib.ticker - DEBUG - vmin 999990.5500021256 vmax 1000000.4500021269
2024-04-13 14:40:03,482 - matplotlib.ticker - DEBUG - ticklocs array([1.e+04, 1.e+05, 1.e+06, 1.e+07, 1.e+08])
2024-04-13 14:40:03,560 - matplotlib.ticker - DEBUG - vmin 999990.5500021256 vmax 1000000.4500021269
2024-04-13 14:40:03,561 - matplotlib.ticker - DEBUG - ticklocs array([1.e+04, 1.e+05, 1.e+06, 1.e+07, 1.e+08])
2024-04-13 14:40:03,562 - matplotlib.ticker - DEBUG - vmin 999990.5500021256 vmax 1000000.4500021269
2024-04-13 14:40:03,563 - matplotlib.ticker - DEBUG - ticklocs array([2.e+04, 3.e+04, 4.e+04, 5.e+04, 6.e+04, 7.e+04, 8.e+04, 9.e+04,
       2.e+05, 3.e+05, 4.e+05, 5.e+05, 6.e+05, 7.e+05, 8.e+05, 9.e+05,
       2.e+06, 3.e+06, 4.e+06, 5.e+06, 6.e+06, 7.e+06, 8.e+06, 9.e+06,
       2.e+07, 3.e+07, 4.e+07, 5.e+07, 6.e+07, 7.e+07, 8.e+07, 9.e+07,
       2.e+08, 3.e+08, 4.e+08, 5.e+08, 6.e+08, 7.e+08, 8.e+08, 9.e+08])
2024-04-13 14:40:03,565 - matplotlib.ticker - DEBUG - vmin 999990.5500021256 vmax 1000000.4500021269
2024-04-13 14:40:03,565 - matplotlib.ticker - DEBUG - ticklocs array([1.e+04, 1.e+05, 1.e+06, 1.e+07, 1.e+08])
2024-04-13 14:40:03,572 - matplotlib.ticker - DEBUG - vmin 999990.5500021256 vmax 1000000.4500021269
2024-04-13 14:40:03,573 - matplotlib.ticker - DEBUG - ticklocs array([1.e+04, 1.e+05, 1.e+06, 1.e+07, 1.e+08])
2024-04-13 14:40:03,574 - matplotlib.ticker - DEBUG - vmin 999990.5500021256 vmax 1000000.4500021269
2024-04-13 14:40:03,575 - matplotlib.ticker - DEBUG - ticklocs array([2.e+04, 3.e+04, 4.e+04, 5.e+04, 6.e+04, 7.e+04, 8.e+04, 9.e+04,
       2.e+05, 3.e+05, 4.e+05, 5.e+05, 6.e+05, 7.e+05, 8.e+05, 9.e+05,
       2.e+06, 3.e+06, 4.e+06, 5.e+06, 6.e+06, 7.e+06, 8.e+06, 9.e+06,
       2.e+07, 3.e+07, 4.e+07, 5.e+07, 6.e+07, 7.e+07, 8.e+07, 9.e+07,
       2.e+08, 3.e+08, 4.e+08, 5.e+08, 6.e+08, 7.e+08, 8.e+08, 9.e+08])
2024-04-13 14:40:03,578 - matplotlib.ticker - DEBUG - vmin 999990.5500021256 vmax 1000000.4500021269
2024-04-13 14:40:03,578 - matplotlib.ticker - DEBUG - ticklocs array([1.e+04, 1.e+05, 1.e+06, 1.e+07, 1.e+08])
2024-04-13 14:40:03,826 - PIL.PngImagePlugin - DEBUG - STREAM b'IHDR' 16 13
2024-04-13 14:40:03,827 - PIL.PngImagePlugin - DEBUG - STREAM b'tEXt' 41 57
2024-04-13 14:40:03,827 - PIL.PngImagePlugin - DEBUG - STREAM b'pHYs' 110 9
2024-04-13 14:40:03,827 - PIL.PngImagePlugin - DEBUG - STREAM b'IDAT' 131 65536
